<?xml version="1.0" encoding="UTF-8"?>
<!-- Generated by org.testng.reporters.JUnitReportReporter -->
<testsuite skipped="0" hostname="LAPTOP-0MN3989B" name="WebDriver.WebDriver.SampleTest" tests="2" failures="0" timestamp="2020-01-08T18:29:15 IST" time="89.174" errors="0">
  <testcase name="firstMavenTest" time="17.485" classname="WebDriver.WebDriver.SampleTest"/>
  <testcase name="secondMavenTest" time="71.689" classname="WebDriver.WebDriver.SampleTest"/>
</testsuite> <!-- WebDriver.WebDriver.SampleTest -->
