<?xml version="1.0" encoding="UTF-8"?>
<!-- Generated by org.testng.reporters.JUnitReportReporter -->
<testsuite skipped="0" hostname="LAPTOP-0MN3989B" name="WebDriver.WebDriver.DemoTest" tests="1" failures="0" timestamp="2020-01-05T20:59:28 IST" time="10.966" errors="0">
  <testcase name="firstMavenTest" time="10.966" classname="WebDriver.WebDriver.DemoTest"/>
</testsuite> <!-- WebDriver.WebDriver.DemoTest -->
